This file contains any messages produced by compilers while
running configure, to aid debugging if configure makes a mistake.

It was created by libmodbus configure 3.0.5, which was
generated by GNU Autoconf 2.68.  Invocation command line was

  $ ./configure 

## --------- ##
## Platform. ##
## --------- ##

hostname = marcel-desktop
uname -m = i686
uname -r = 3.8.0-19-generic
uname -s = Linux
uname -v = #29-Ubuntu SMP Wed Apr 17 18:19:42 UTC 2013

/usr/bin/uname -p = unknown
/bin/uname -X     = unknown

/bin/arch              = unknown
/usr/bin/arch -k       = unknown
/usr/convex/getsysinfo = unknown
/usr/bin/hostinfo      = unknown
/bin/machine           = unknown
/usr/bin/oslevel       = unknown
/bin/universe          = unknown

PATH: /usr/lib/lightdm/lightdm
PATH: /usr/local/sbin
PATH: /usr/local/bin
PATH: /usr/sbin
PATH: /usr/bin
PATH: /sbin
PATH: /bin
PATH: /usr/games
PATH: /usr/local/games


## ----------- ##
## Core tests. ##
## ----------- ##

configure:2486: checking for a BSD-compatible install
configure:2554: result: /usr/bin/install -c
configure:2565: checking whether build environment is sane
configure:2615: result: yes
configure:2756: checking for a thread-safe mkdir -p
configure:2795: result: /bin/mkdir -p
configure:2808: checking for gawk
configure:2838: result: no
configure:2808: checking for mawk
configure:2824: found /usr/bin/mawk
configure:2835: result: mawk
configure:2846: checking whether make sets $(MAKE)
configure:2868: result: yes
configure:2960: checking whether make supports nested variables
configure:2977: result: yes
configure:3010: checking build system type
configure:3024: result: i686-pc-linux-gnu
configure:3044: checking host system type
configure:3057: result: i686-pc-linux-gnu
configure:3154: checking for gcc
configure:3170: found /usr/bin/gcc
configure:3181: result: gcc
configure:3410: checking for C compiler version
configure:3419: gcc --version >&5
gcc (Ubuntu/Linaro 4.7.3-1ubuntu1) 4.7.3
Copyright (C) 2012 Free Software Foundation, Inc.
This is free software; see the source for copying conditions.  There is NO
warranty; not even for MERCHANTABILITY or FITNESS FOR A PARTICULAR PURPOSE.

configure:3430: $? = 0
configure:3419: gcc -v >&5
Using built-in specs.
COLLECT_GCC=gcc
COLLECT_LTO_WRAPPER=/usr/lib/gcc/i686-linux-gnu/4.7/lto-wrapper
Target: i686-linux-gnu
Configured with: ../src/configure -v --with-pkgversion='Ubuntu/Linaro 4.7.3-1ubuntu1' --with-bugurl=file:///usr/share/doc/gcc-4.7/README.Bugs --enable-languages=c,c++,go,fortran,objc,obj-c++ --prefix=/usr --program-suffix=-4.7 --enable-shared --enable-linker-build-id --libexecdir=/usr/lib --without-included-gettext --enable-threads=posix --with-gxx-include-dir=/usr/include/c++/4.7 --libdir=/usr/lib --enable-nls --with-sysroot=/ --enable-clocale=gnu --enable-libstdcxx-debug --enable-libstdcxx-time=yes --enable-gnu-unique-object --enable-plugin --with-system-zlib --enable-objc-gc --enable-targets=all --with-cloog --enable-cloog-backend=ppl --disable-cloog-version-check --disable-ppl-version-check --enable-multiarch --disable-werror --with-arch-32=i686 --with-multilib-list=m32,m64,mx32 --with-tune=generic --enable-checking=release --build=i686-linux-gnu --host=i686-linux-gnu --target=i686-linux-gnu
Thread model: posix
gcc version 4.7.3 (Ubuntu/Linaro 4.7.3-1ubuntu1) 
configure:3430: $? = 0
configure:3419: gcc -V >&5
gcc: error: unrecognized command line option '-V'
gcc: fatal error: no input files
compilation terminated.
configure:3430: $? = 4
configure:3419: gcc -qversion >&5
gcc: error: unrecognized command line option '-qversion'
gcc: fatal error: no input files
compilation terminated.
configure:3430: $? = 4
configure:3450: checking whether the C compiler works
configure:3472: gcc    conftest.c  >&5
configure:3476: $? = 0
configure:3524: result: yes
configure:3527: checking for C compiler default output file name
configure:3529: result: a.out
configure:3535: checking for suffix of executables
configure:3542: gcc -o conftest    conftest.c  >&5
configure:3546: $? = 0
configure:3568: result: 
configure:3590: checking whether we are cross compiling
configure:3598: gcc -o conftest    conftest.c  >&5
configure:3602: $? = 0
configure:3609: ./conftest
configure:3613: $? = 0
configure:3628: result: no
configure:3633: checking for suffix of object files
configure:3655: gcc -c   conftest.c >&5
configure:3659: $? = 0
configure:3680: result: o
configure:3684: checking whether we are using the GNU C compiler
configure:3703: gcc -c   conftest.c >&5
configure:3703: $? = 0
configure:3712: result: yes
configure:3721: checking whether gcc accepts -g
configure:3741: gcc -c -g  conftest.c >&5
configure:3741: $? = 0
configure:3782: result: yes
configure:3799: checking for gcc option to accept ISO C89
configure:3863: gcc  -c -g -O2  conftest.c >&5
configure:3863: $? = 0
configure:3876: result: none needed
configure:3907: checking for style of include used by make
configure:3935: result: GNU
configure:3961: checking dependency style of gcc
configure:4072: result: gcc3
configure:4145: checking for g++
configure:4161: found /usr/bin/g++
configure:4172: result: g++
configure:4199: checking for C++ compiler version
configure:4208: g++ --version >&5
g++ (Ubuntu/Linaro 4.7.3-1ubuntu1) 4.7.3
Copyright (C) 2012 Free Software Foundation, Inc.
This is free software; see the source for copying conditions.  There is NO
warranty; not even for MERCHANTABILITY or FITNESS FOR A PARTICULAR PURPOSE.

configure:4219: $? = 0
configure:4208: g++ -v >&5
Using built-in specs.
COLLECT_GCC=g++
COLLECT_LTO_WRAPPER=/usr/lib/gcc/i686-linux-gnu/4.7/lto-wrapper
Target: i686-linux-gnu
Configured with: ../src/configure -v --with-pkgversion='Ubuntu/Linaro 4.7.3-1ubuntu1' --with-bugurl=file:///usr/share/doc/gcc-4.7/README.Bugs --enable-languages=c,c++,go,fortran,objc,obj-c++ --prefix=/usr --program-suffix=-4.7 --enable-shared --enable-linker-build-id --libexecdir=/usr/lib --without-included-gettext --enable-threads=posix --with-gxx-include-dir=/usr/include/c++/4.7 --libdir=/usr/lib --enable-nls --with-sysroot=/ --enable-clocale=gnu --enable-libstdcxx-debug --enable-libstdcxx-time=yes --enable-gnu-unique-object --enable-plugin --with-system-zlib --enable-objc-gc --enable-targets=all --with-cloog --enable-cloog-backend=ppl --disable-cloog-version-check --disable-ppl-version-check --enable-multiarch --disable-werror --with-arch-32=i686 --with-multilib-list=m32,m64,mx32 --with-tune=generic --enable-checking=release --build=i686-linux-gnu --host=i686-linux-gnu --target=i686-linux-gnu
Thread model: posix
gcc version 4.7.3 (Ubuntu/Linaro 4.7.3-1ubuntu1) 
configure:4219: $? = 0
configure:4208: g++ -V >&5
g++: error: unrecognized command line option '-V'
g++: fatal error: no input files
compilation terminated.
configure:4219: $? = 4
configure:4208: g++ -qversion >&5
g++: error: unrecognized command line option '-qversion'
g++: fatal error: no input files
compilation terminated.
configure:4219: $? = 4
configure:4223: checking whether we are using the GNU C++ compiler
configure:4242: g++ -c   conftest.cpp >&5
configure:4242: $? = 0
configure:4251: result: yes
configure:4260: checking whether g++ accepts -g
configure:4280: g++ -c -g  conftest.cpp >&5
configure:4280: $? = 0
configure:4321: result: yes
configure:4346: checking dependency style of g++
configure:4457: result: gcc3
configure:4472: checking whether make sets $(MAKE)
configure:4494: result: yes
configure:4549: checking how to print strings
configure:4576: result: printf
configure:4597: checking for a sed that does not truncate output
configure:4661: result: /bin/sed
configure:4679: checking for grep that handles long lines and -e
configure:4737: result: /bin/grep
configure:4742: checking for egrep
configure:4804: result: /bin/grep -E
configure:4809: checking for fgrep
configure:4871: result: /bin/grep -F
configure:4906: checking for ld used by gcc
configure:4973: result: /usr/bin/ld
configure:4980: checking if the linker (/usr/bin/ld) is GNU ld
configure:4995: result: yes
configure:5007: checking for BSD- or MS-compatible name lister (nm)
configure:5056: result: /usr/bin/nm -B
configure:5186: checking the name lister (/usr/bin/nm -B) interface
configure:5193: gcc -c -g -O2  conftest.c >&5
configure:5196: /usr/bin/nm -B "conftest.o"
configure:5199: output
00000000 B some_variable
configure:5206: result: BSD nm
configure:5209: checking whether ln -s works
configure:5213: result: yes
configure:5221: checking the maximum length of command line arguments
configure:5351: result: 1572864
configure:5368: checking whether the shell understands some XSI constructs
configure:5378: result: yes
configure:5382: checking whether the shell understands "+="
configure:5388: result: yes
configure:5423: checking how to convert i686-pc-linux-gnu file names to i686-pc-linux-gnu format
configure:5463: result: func_convert_file_noop
configure:5470: checking how to convert i686-pc-linux-gnu file names to toolchain format
configure:5490: result: func_convert_file_noop
configure:5497: checking for /usr/bin/ld option to reload object files
configure:5504: result: -r
configure:5578: checking for objdump
configure:5594: found /usr/bin/objdump
configure:5605: result: objdump
configure:5634: checking how to recognize dependent libraries
configure:5836: result: pass_all
configure:5921: checking for dlltool
configure:5951: result: no
configure:5978: checking how to associate runtime and link libraries
configure:6005: result: printf %s\n
configure:6066: checking for ar
configure:6082: found /usr/bin/ar
configure:6093: result: ar
configure:6130: checking for archiver @FILE support
configure:6147: gcc -c -g -O2  conftest.c >&5
configure:6147: $? = 0
configure:6150: ar cru libconftest.a @conftest.lst >&5
configure:6153: $? = 0
configure:6158: ar cru libconftest.a @conftest.lst >&5
ar: conftest.o: No such file or directory
configure:6161: $? = 1
configure:6173: result: @
configure:6231: checking for strip
configure:6247: found /usr/bin/strip
configure:6258: result: strip
configure:6330: checking for ranlib
configure:6346: found /usr/bin/ranlib
configure:6357: result: ranlib
configure:6459: checking command to parse /usr/bin/nm -B output from gcc object
configure:6579: gcc -c -g -O2  conftest.c >&5
configure:6582: $? = 0
configure:6586: /usr/bin/nm -B conftest.o \| sed -n -e 's/^.*[ ]\([ABCDGIRSTW][ABCDGIRSTW]*\)[ ][ ]*\([_A-Za-z][_A-Za-z0-9]*\)$/\1 \2 \2/p' | sed '/ __gnu_lto/d' \> conftest.nm
configure:6589: $? = 0
configure:6655: gcc -o conftest -g -O2   conftest.c conftstm.o >&5
configure:6658: $? = 0
configure:6696: result: ok
configure:6733: checking for sysroot
configure:6763: result: no
configure:7019: checking for mt
configure:7035: found /bin/mt
configure:7046: result: mt
configure:7069: checking if mt is a manifest tool
configure:7075: mt '-?'
configure:7083: result: no
configure:7725: checking how to run the C preprocessor
configure:7756: gcc -E  conftest.c
configure:7756: $? = 0
configure:7770: gcc -E  conftest.c
conftest.c:11:28: fatal error: ac_nonexistent.h: No such file or directory
compilation terminated.
configure:7770: $? = 1
configure: failed program was:
| /* confdefs.h */
| #define PACKAGE_NAME "libmodbus"
| #define PACKAGE_TARNAME "libmodbus"
| #define PACKAGE_VERSION "3.0.5"
| #define PACKAGE_STRING "libmodbus 3.0.5"
| #define PACKAGE_BUGREPORT "https://github.com/stephane/libmodbus/issues"
| #define PACKAGE_URL ""
| #define PACKAGE "libmodbus"
| #define VERSION "3.0.5"
| /* end confdefs.h.  */
| #include <ac_nonexistent.h>
configure:7795: result: gcc -E
configure:7815: gcc -E  conftest.c
configure:7815: $? = 0
configure:7829: gcc -E  conftest.c
conftest.c:11:28: fatal error: ac_nonexistent.h: No such file or directory
compilation terminated.
configure:7829: $? = 1
configure: failed program was:
| /* confdefs.h */
| #define PACKAGE_NAME "libmodbus"
| #define PACKAGE_TARNAME "libmodbus"
| #define PACKAGE_VERSION "3.0.5"
| #define PACKAGE_STRING "libmodbus 3.0.5"
| #define PACKAGE_BUGREPORT "https://github.com/stephane/libmodbus/issues"
| #define PACKAGE_URL ""
| #define PACKAGE "libmodbus"
| #define VERSION "3.0.5"
| /* end confdefs.h.  */
| #include <ac_nonexistent.h>
configure:7858: checking for ANSI C header files
configure:7878: gcc -c -g -O2  conftest.c >&5
configure:7878: $? = 0
configure:7951: gcc -o conftest -g -O2   conftest.c  >&5
configure:7951: $? = 0
configure:7951: ./conftest
configure:7951: $? = 0
configure:7962: result: yes
configure:7975: checking for sys/types.h
configure:7975: gcc -c -g -O2  conftest.c >&5
configure:7975: $? = 0
configure:7975: result: yes
configure:7975: checking for sys/stat.h
configure:7975: gcc -c -g -O2  conftest.c >&5
configure:7975: $? = 0
configure:7975: result: yes
configure:7975: checking for stdlib.h
configure:7975: gcc -c -g -O2  conftest.c >&5
configure:7975: $? = 0
configure:7975: result: yes
configure:7975: checking for string.h
configure:7975: gcc -c -g -O2  conftest.c >&5
configure:7975: $? = 0
configure:7975: result: yes
configure:7975: checking for memory.h
configure:7975: gcc -c -g -O2  conftest.c >&5
configure:7975: $? = 0
configure:7975: result: yes
configure:7975: checking for strings.h
configure:7975: gcc -c -g -O2  conftest.c >&5
configure:7975: $? = 0
configure:7975: result: yes
configure:7975: checking for inttypes.h
configure:7975: gcc -c -g -O2  conftest.c >&5
configure:7975: $? = 0
configure:7975: result: yes
configure:7975: checking for stdint.h
configure:7975: gcc -c -g -O2  conftest.c >&5
configure:7975: $? = 0
configure:7975: result: yes
configure:7975: checking for unistd.h
configure:7975: gcc -c -g -O2  conftest.c >&5
configure:7975: $? = 0
configure:7975: result: yes
configure:7989: checking for dlfcn.h
configure:7989: gcc -c -g -O2  conftest.c >&5
configure:7989: $? = 0
configure:7989: result: yes
configure:8503: checking for objdir
configure:8518: result: .libs
configure:8789: checking if gcc supports -fno-rtti -fno-exceptions
configure:8807: gcc -c -g -O2  -fno-rtti -fno-exceptions conftest.c >&5
cc1: warning: command line option '-fno-rtti' is valid for C++/ObjC++ but not for C [enabled by default]
configure:8811: $? = 0
configure:8824: result: no
configure:9151: checking for gcc option to produce PIC
configure:9158: result: -fPIC -DPIC
configure:9166: checking if gcc PIC flag -fPIC -DPIC works
configure:9184: gcc -c -g -O2  -fPIC -DPIC -DPIC conftest.c >&5
configure:9188: $? = 0
configure:9201: result: yes
configure:9230: checking if gcc static flag -static works
configure:9258: result: yes
configure:9273: checking if gcc supports -c -o file.o
configure:9294: gcc -c -g -O2  -o out/conftest2.o conftest.c >&5
configure:9298: $? = 0
configure:9320: result: yes
configure:9328: checking if gcc supports -c -o file.o
configure:9375: result: yes
configure:9408: checking whether the gcc linker (/usr/bin/ld) supports shared libraries
configure:10561: result: yes
configure:10598: checking whether -lc should be explicitly linked in
configure:10606: gcc -c -g -O2  conftest.c >&5
configure:10609: $? = 0
configure:10624: gcc -shared  -fPIC -DPIC conftest.o  -v -Wl,-soname -Wl,conftest -o conftest 2\>\&1 \| /bin/grep  -lc  \>/dev/null 2\>\&1
configure:10627: $? = 0
configure:10641: result: no
configure:10801: checking dynamic linker characteristics
configure:11312: gcc -o conftest -g -O2   -Wl,-rpath -Wl,/foo conftest.c  >&5
configure:11312: $? = 0
configure:11538: result: GNU/Linux ld.so
configure:11645: checking how to hardcode library paths into programs
configure:11670: result: immediate
configure:12210: checking whether stripping libraries is possible
configure:12215: result: yes
configure:12250: checking if libtool supports shared libraries
configure:12252: result: yes
configure:12255: checking whether to build shared libraries
configure:12276: result: yes
configure:12279: checking whether to build static libraries
configure:12283: result: no
configure:12306: checking how to run the C++ preprocessor
configure:12333: g++ -E  conftest.cpp
configure:12333: $? = 0
configure:12347: g++ -E  conftest.cpp
conftest.cpp:23:28: fatal error: ac_nonexistent.h: No such file or directory
compilation terminated.
configure:12347: $? = 1
configure: failed program was:
| /* confdefs.h */
| #define PACKAGE_NAME "libmodbus"
| #define PACKAGE_TARNAME "libmodbus"
| #define PACKAGE_VERSION "3.0.5"
| #define PACKAGE_STRING "libmodbus 3.0.5"
| #define PACKAGE_BUGREPORT "https://github.com/stephane/libmodbus/issues"
| #define PACKAGE_URL ""
| #define PACKAGE "libmodbus"
| #define VERSION "3.0.5"
| #define STDC_HEADERS 1
| #define HAVE_SYS_TYPES_H 1
| #define HAVE_SYS_STAT_H 1
| #define HAVE_STDLIB_H 1
| #define HAVE_STRING_H 1
| #define HAVE_MEMORY_H 1
| #define HAVE_STRINGS_H 1
| #define HAVE_INTTYPES_H 1
| #define HAVE_STDINT_H 1
| #define HAVE_UNISTD_H 1
| #define HAVE_DLFCN_H 1
| #define LT_OBJDIR ".libs/"
| /* end confdefs.h.  */
| #include <ac_nonexistent.h>
configure:12372: result: g++ -E
configure:12392: g++ -E  conftest.cpp
configure:12392: $? = 0
configure:12406: g++ -E  conftest.cpp
conftest.cpp:23:28: fatal error: ac_nonexistent.h: No such file or directory
compilation terminated.
configure:12406: $? = 1
configure: failed program was:
| /* confdefs.h */
| #define PACKAGE_NAME "libmodbus"
| #define PACKAGE_TARNAME "libmodbus"
| #define PACKAGE_VERSION "3.0.5"
| #define PACKAGE_STRING "libmodbus 3.0.5"
| #define PACKAGE_BUGREPORT "https://github.com/stephane/libmodbus/issues"
| #define PACKAGE_URL ""
| #define PACKAGE "libmodbus"
| #define VERSION "3.0.5"
| #define STDC_HEADERS 1
| #define HAVE_SYS_TYPES_H 1
| #define HAVE_SYS_STAT_H 1
| #define HAVE_STDLIB_H 1
| #define HAVE_STRING_H 1
| #define HAVE_MEMORY_H 1
| #define HAVE_STRINGS_H 1
| #define HAVE_INTTYPES_H 1
| #define HAVE_STDINT_H 1
| #define HAVE_UNISTD_H 1
| #define HAVE_DLFCN_H 1
| #define LT_OBJDIR ".libs/"
| /* end confdefs.h.  */
| #include <ac_nonexistent.h>
configure:12575: checking for ld used by g++
configure:12642: result: /usr/bin/ld
configure:12649: checking if the linker (/usr/bin/ld) is GNU ld
configure:12664: result: yes
configure:12719: checking whether the g++ linker (/usr/bin/ld) supports shared libraries
configure:13724: result: yes
configure:13760: g++ -c -g -O2  conftest.cpp >&5
configure:13763: $? = 0
configure:14283: checking for g++ option to produce PIC
configure:14290: result: -fPIC -DPIC
configure:14298: checking if g++ PIC flag -fPIC -DPIC works
configure:14316: g++ -c -g -O2  -fPIC -DPIC -DPIC conftest.cpp >&5
configure:14320: $? = 0
configure:14333: result: yes
configure:14356: checking if g++ static flag -static works
configure:14384: result: yes
configure:14396: checking if g++ supports -c -o file.o
configure:14417: g++ -c -g -O2  -o out/conftest2.o conftest.cpp >&5
configure:14421: $? = 0
configure:14443: result: yes
configure:14448: checking if g++ supports -c -o file.o
configure:14495: result: yes
configure:14525: checking whether the g++ linker (/usr/bin/ld) supports shared libraries
configure:14561: result: yes
configure:14702: checking dynamic linker characteristics
configure:15373: result: GNU/Linux ld.so
configure:15426: checking how to hardcode library paths into programs
configure:15451: result: immediate
configure:15531: checking termios.h usability
configure:15531: gcc -c -g -O2  conftest.c >&5
configure:15531: $? = 0
configure:15531: result: yes
configure:15531: checking termios.h presence
configure:15531: gcc -E  conftest.c
configure:15531: $? = 0
configure:15531: result: yes
configure:15531: checking for termios.h
configure:15531: result: yes
configure:15531: checking sys/time.h usability
configure:15531: gcc -c -g -O2  conftest.c >&5
configure:15531: $? = 0
configure:15531: result: yes
configure:15531: checking sys/time.h presence
configure:15531: gcc -E  conftest.c
configure:15531: $? = 0
configure:15531: result: yes
configure:15531: checking for sys/time.h
configure:15531: result: yes
configure:15531: checking time.h usability
configure:15531: gcc -c -g -O2  conftest.c >&5
configure:15531: $? = 0
configure:15531: result: yes
configure:15531: checking time.h presence
configure:15531: gcc -E  conftest.c
configure:15531: $? = 0
configure:15531: result: yes
configure:15531: checking for time.h
configure:15531: result: yes
configure:15531: checking for unistd.h
configure:15531: result: yes
configure:15531: checking errno.h usability
configure:15531: gcc -c -g -O2  conftest.c >&5
configure:15531: $? = 0
configure:15531: result: yes
configure:15531: checking errno.h presence
configure:15531: gcc -E  conftest.c
configure:15531: $? = 0
configure:15531: result: yes
configure:15531: checking for errno.h
configure:15531: result: yes
configure:15531: checking limits.h usability
configure:15531: gcc -c -g -O2  conftest.c >&5
configure:15531: $? = 0
configure:15531: result: yes
configure:15531: checking limits.h presence
configure:15531: gcc -E  conftest.c
configure:15531: $? = 0
configure:15531: result: yes
configure:15531: checking for limits.h
configure:15531: result: yes
configure:15531: checking fcntl.h usability
configure:15531: gcc -c -g -O2  conftest.c >&5
configure:15531: $? = 0
configure:15531: result: yes
configure:15531: checking fcntl.h presence
configure:15531: gcc -E  conftest.c
configure:15531: $? = 0
configure:15531: result: yes
configure:15531: checking for fcntl.h
configure:15531: result: yes
configure:15531: checking for sys/types.h
configure:15531: result: yes
configure:15531: checking sys/socket.h usability
configure:15531: gcc -c -g -O2  conftest.c >&5
configure:15531: $? = 0
configure:15531: result: yes
configure:15531: checking sys/socket.h presence
configure:15531: gcc -E  conftest.c
configure:15531: $? = 0
configure:15531: result: yes
configure:15531: checking for sys/socket.h
configure:15531: result: yes
configure:15531: checking sys/ioctl.h usability
configure:15531: gcc -c -g -O2  conftest.c >&5
configure:15531: $? = 0
configure:15531: result: yes
configure:15531: checking sys/ioctl.h presence
configure:15531: gcc -E  conftest.c
configure:15531: $? = 0
configure:15531: result: yes
configure:15531: checking for sys/ioctl.h
configure:15531: result: yes
configure:15531: checking netinet/in.h usability
configure:15531: gcc -c -g -O2  conftest.c >&5
configure:15531: $? = 0
configure:15531: result: yes
configure:15531: checking netinet/in.h presence
configure:15531: gcc -E  conftest.c
configure:15531: $? = 0
configure:15531: result: yes
configure:15531: checking for netinet/in.h
configure:15531: result: yes
configure:15531: checking netinet/tcp.h usability
configure:15531: gcc -c -g -O2  conftest.c >&5
configure:15531: $? = 0
configure:15531: result: yes
configure:15531: checking netinet/tcp.h presence
configure:15531: gcc -E  conftest.c
configure:15531: $? = 0
configure:15531: result: yes
configure:15531: checking for netinet/tcp.h
configure:15531: result: yes
configure:15531: checking arpa/inet.h usability
configure:15531: gcc -c -g -O2  conftest.c >&5
configure:15531: $? = 0
configure:15531: result: yes
configure:15531: checking arpa/inet.h presence
configure:15531: gcc -E  conftest.c
configure:15531: $? = 0
configure:15531: result: yes
configure:15531: checking for arpa/inet.h
configure:15531: result: yes
configure:15531: checking netdb.h usability
configure:15531: gcc -c -g -O2  conftest.c >&5
configure:15531: $? = 0
configure:15531: result: yes
configure:15531: checking netdb.h presence
configure:15531: gcc -E  conftest.c
configure:15531: $? = 0
configure:15531: result: yes
configure:15531: checking for netdb.h
configure:15531: result: yes
configure:15531: checking linux/serial.h usability
configure:15531: gcc -c -g -O2  conftest.c >&5
configure:15531: $? = 0
configure:15531: result: yes
configure:15531: checking linux/serial.h presence
configure:15531: gcc -E  conftest.c
configure:15531: $? = 0
configure:15531: result: yes
configure:15531: checking for linux/serial.h
configure:15531: result: yes
configure:15562: checking for asciidoc
configure:15590: result: no
configure:15600: checking for xmlto
configure:15628: result: no
configure:15654: checking whether to build documentation
configure:15656: result: no
configure:15659: checking whether to install manpages
configure:15661: result: yes
configure:15683: checking for ANSI C header files
configure:15787: result: yes
configure:15797: checking for an ANSI C-conforming const
configure:15862: gcc -c -g -O2  conftest.c >&5
configure:15862: $? = 0
configure:15869: result: yes
configure:15877: checking for size_t
configure:15877: gcc -c -g -O2  conftest.c >&5
configure:15877: $? = 0
configure:15877: gcc -c -g -O2  conftest.c >&5
conftest.c: In function 'main':
conftest.c:75:21: error: expected expression before ')' token
configure:15877: $? = 1
configure: failed program was:
| /* confdefs.h */
| #define PACKAGE_NAME "libmodbus"
| #define PACKAGE_TARNAME "libmodbus"
| #define PACKAGE_VERSION "3.0.5"
| #define PACKAGE_STRING "libmodbus 3.0.5"
| #define PACKAGE_BUGREPORT "https://github.com/stephane/libmodbus/issues"
| #define PACKAGE_URL ""
| #define PACKAGE "libmodbus"
| #define VERSION "3.0.5"
| #define STDC_HEADERS 1
| #define HAVE_SYS_TYPES_H 1
| #define HAVE_SYS_STAT_H 1
| #define HAVE_STDLIB_H 1
| #define HAVE_STRING_H 1
| #define HAVE_MEMORY_H 1
| #define HAVE_STRINGS_H 1
| #define HAVE_INTTYPES_H 1
| #define HAVE_STDINT_H 1
| #define HAVE_UNISTD_H 1
| #define HAVE_DLFCN_H 1
| #define LT_OBJDIR ".libs/"
| #define HAVE_TERMIOS_H 1
| #define HAVE_SYS_TIME_H 1
| #define HAVE_TIME_H 1
| #define HAVE_UNISTD_H 1
| #define HAVE_ERRNO_H 1
| #define HAVE_LIMITS_H 1
| #define HAVE_FCNTL_H 1
| #define HAVE_SYS_TYPES_H 1
| #define HAVE_SYS_SOCKET_H 1
| #define HAVE_SYS_IOCTL_H 1
| #define HAVE_NETINET_IN_H 1
| #define HAVE_NETINET_TCP_H 1
| #define HAVE_ARPA_INET_H 1
| #define HAVE_NETDB_H 1
| #define HAVE_LINUX_SERIAL_H 1
| #define STDC_HEADERS 1
| /* end confdefs.h.  */
| #include <stdio.h>
| #ifdef HAVE_SYS_TYPES_H
| # include <sys/types.h>
| #endif
| #ifdef HAVE_SYS_STAT_H
| # include <sys/stat.h>
| #endif
| #ifdef STDC_HEADERS
| # include <stdlib.h>
| # include <stddef.h>
| #else
| # ifdef HAVE_STDLIB_H
| #  include <stdlib.h>
| # endif
| #endif
| #ifdef HAVE_STRING_H
| # if !defined STDC_HEADERS && defined HAVE_MEMORY_H
| #  include <memory.h>
| # endif
| # include <string.h>
| #endif
| #ifdef HAVE_STRINGS_H
| # include <strings.h>
| #endif
| #ifdef HAVE_INTTYPES_H
| # include <inttypes.h>
| #endif
| #ifdef HAVE_STDINT_H
| # include <stdint.h>
| #endif
| #ifdef HAVE_UNISTD_H
| # include <unistd.h>
| #endif
| int
| main ()
| {
| if (sizeof ((size_t)))
| 	    return 0;
|   ;
|   return 0;
| }
configure:15877: result: yes
configure:15888: checking whether time.h and sys/time.h may both be included
configure:15908: gcc -c -g -O2  conftest.c >&5
configure:15908: $? = 0
configure:15915: result: yes
configure:15930: checking whether __CYGWIN__ is declared
configure:15930: gcc -c -g -O2  conftest.c >&5
conftest.c: In function 'main':
conftest.c:80:10: error: '__CYGWIN__' undeclared (first use in this function)
conftest.c:80:10: note: each undeclared identifier is reported only once for each function it appears in
configure:15930: $? = 1
configure: failed program was:
| /* confdefs.h */
| #define PACKAGE_NAME "libmodbus"
| #define PACKAGE_TARNAME "libmodbus"
| #define PACKAGE_VERSION "3.0.5"
| #define PACKAGE_STRING "libmodbus 3.0.5"
| #define PACKAGE_BUGREPORT "https://github.com/stephane/libmodbus/issues"
| #define PACKAGE_URL ""
| #define PACKAGE "libmodbus"
| #define VERSION "3.0.5"
| #define STDC_HEADERS 1
| #define HAVE_SYS_TYPES_H 1
| #define HAVE_SYS_STAT_H 1
| #define HAVE_STDLIB_H 1
| #define HAVE_STRING_H 1
| #define HAVE_MEMORY_H 1
| #define HAVE_STRINGS_H 1
| #define HAVE_INTTYPES_H 1
| #define HAVE_STDINT_H 1
| #define HAVE_UNISTD_H 1
| #define HAVE_DLFCN_H 1
| #define LT_OBJDIR ".libs/"
| #define HAVE_TERMIOS_H 1
| #define HAVE_SYS_TIME_H 1
| #define HAVE_TIME_H 1
| #define HAVE_UNISTD_H 1
| #define HAVE_ERRNO_H 1
| #define HAVE_LIMITS_H 1
| #define HAVE_FCNTL_H 1
| #define HAVE_SYS_TYPES_H 1
| #define HAVE_SYS_SOCKET_H 1
| #define HAVE_SYS_IOCTL_H 1
| #define HAVE_NETINET_IN_H 1
| #define HAVE_NETINET_TCP_H 1
| #define HAVE_ARPA_INET_H 1
| #define HAVE_NETDB_H 1
| #define HAVE_LINUX_SERIAL_H 1
| #define STDC_HEADERS 1
| #define TIME_WITH_SYS_TIME 1
| /* end confdefs.h.  */
| #include <stdio.h>
| #ifdef HAVE_SYS_TYPES_H
| # include <sys/types.h>
| #endif
| #ifdef HAVE_SYS_STAT_H
| # include <sys/stat.h>
| #endif
| #ifdef STDC_HEADERS
| # include <stdlib.h>
| # include <stddef.h>
| #else
| # ifdef HAVE_STDLIB_H
| #  include <stdlib.h>
| # endif
| #endif
| #ifdef HAVE_STRING_H
| # if !defined STDC_HEADERS && defined HAVE_MEMORY_H
| #  include <memory.h>
| # endif
| # include <string.h>
| #endif
| #ifdef HAVE_STRINGS_H
| # include <strings.h>
| #endif
| #ifdef HAVE_INTTYPES_H
| # include <inttypes.h>
| #endif
| #ifdef HAVE_STDINT_H
| # include <stdint.h>
| #endif
| #ifdef HAVE_UNISTD_H
| # include <unistd.h>
| #endif
| int
| main ()
| {
| #ifndef __CYGWIN__
| #ifdef __cplusplus
|   (void) __CYGWIN__;
| #else
|   (void) __CYGWIN__;
| #endif
| #endif
| 
|   ;
|   return 0;
| }
configure:15930: result: no
configure:15943: checking for pid_t
configure:15943: gcc -c -g -O2  conftest.c >&5
configure:15943: $? = 0
configure:15943: gcc -c -g -O2  conftest.c >&5
conftest.c: In function 'main':
conftest.c:77:20: error: expected expression before ')' token
configure:15943: $? = 1
configure: failed program was:
| /* confdefs.h */
| #define PACKAGE_NAME "libmodbus"
| #define PACKAGE_TARNAME "libmodbus"
| #define PACKAGE_VERSION "3.0.5"
| #define PACKAGE_STRING "libmodbus 3.0.5"
| #define PACKAGE_BUGREPORT "https://github.com/stephane/libmodbus/issues"
| #define PACKAGE_URL ""
| #define PACKAGE "libmodbus"
| #define VERSION "3.0.5"
| #define STDC_HEADERS 1
| #define HAVE_SYS_TYPES_H 1
| #define HAVE_SYS_STAT_H 1
| #define HAVE_STDLIB_H 1
| #define HAVE_STRING_H 1
| #define HAVE_MEMORY_H 1
| #define HAVE_STRINGS_H 1
| #define HAVE_INTTYPES_H 1
| #define HAVE_STDINT_H 1
| #define HAVE_UNISTD_H 1
| #define HAVE_DLFCN_H 1
| #define LT_OBJDIR ".libs/"
| #define HAVE_TERMIOS_H 1
| #define HAVE_SYS_TIME_H 1
| #define HAVE_TIME_H 1
| #define HAVE_UNISTD_H 1
| #define HAVE_ERRNO_H 1
| #define HAVE_LIMITS_H 1
| #define HAVE_FCNTL_H 1
| #define HAVE_SYS_TYPES_H 1
| #define HAVE_SYS_SOCKET_H 1
| #define HAVE_SYS_IOCTL_H 1
| #define HAVE_NETINET_IN_H 1
| #define HAVE_NETINET_TCP_H 1
| #define HAVE_ARPA_INET_H 1
| #define HAVE_NETDB_H 1
| #define HAVE_LINUX_SERIAL_H 1
| #define STDC_HEADERS 1
| #define TIME_WITH_SYS_TIME 1
| #define HAVE_DECL___CYGWIN__ 0
| /* end confdefs.h.  */
| #include <stdio.h>
| #ifdef HAVE_SYS_TYPES_H
| # include <sys/types.h>
| #endif
| #ifdef HAVE_SYS_STAT_H
| # include <sys/stat.h>
| #endif
| #ifdef STDC_HEADERS
| # include <stdlib.h>
| # include <stddef.h>
| #else
| # ifdef HAVE_STDLIB_H
| #  include <stdlib.h>
| # endif
| #endif
| #ifdef HAVE_STRING_H
| # if !defined STDC_HEADERS && defined HAVE_MEMORY_H
| #  include <memory.h>
| # endif
| # include <string.h>
| #endif
| #ifdef HAVE_STRINGS_H
| # include <strings.h>
| #endif
| #ifdef HAVE_INTTYPES_H
| # include <inttypes.h>
| #endif
| #ifdef HAVE_STDINT_H
| # include <stdint.h>
| #endif
| #ifdef HAVE_UNISTD_H
| # include <unistd.h>
| #endif
| int
| main ()
| {
| if (sizeof ((pid_t)))
| 	    return 0;
|   ;
|   return 0;
| }
configure:15943: result: yes
configure:15956: checking vfork.h usability
configure:15956: gcc -c -g -O2  conftest.c >&5
conftest.c:74:19: fatal error: vfork.h: No such file or directory
compilation terminated.
configure:15956: $? = 1
configure: failed program was:
| /* confdefs.h */
| #define PACKAGE_NAME "libmodbus"
| #define PACKAGE_TARNAME "libmodbus"
| #define PACKAGE_VERSION "3.0.5"
| #define PACKAGE_STRING "libmodbus 3.0.5"
| #define PACKAGE_BUGREPORT "https://github.com/stephane/libmodbus/issues"
| #define PACKAGE_URL ""
| #define PACKAGE "libmodbus"
| #define VERSION "3.0.5"
| #define STDC_HEADERS 1
| #define HAVE_SYS_TYPES_H 1
| #define HAVE_SYS_STAT_H 1
| #define HAVE_STDLIB_H 1
| #define HAVE_STRING_H 1
| #define HAVE_MEMORY_H 1
| #define HAVE_STRINGS_H 1
| #define HAVE_INTTYPES_H 1
| #define HAVE_STDINT_H 1
| #define HAVE_UNISTD_H 1
| #define HAVE_DLFCN_H 1
| #define LT_OBJDIR ".libs/"
| #define HAVE_TERMIOS_H 1
| #define HAVE_SYS_TIME_H 1
| #define HAVE_TIME_H 1
| #define HAVE_UNISTD_H 1
| #define HAVE_ERRNO_H 1
| #define HAVE_LIMITS_H 1
| #define HAVE_FCNTL_H 1
| #define HAVE_SYS_TYPES_H 1
| #define HAVE_SYS_SOCKET_H 1
| #define HAVE_SYS_IOCTL_H 1
| #define HAVE_NETINET_IN_H 1
| #define HAVE_NETINET_TCP_H 1
| #define HAVE_ARPA_INET_H 1
| #define HAVE_NETDB_H 1
| #define HAVE_LINUX_SERIAL_H 1
| #define STDC_HEADERS 1
| #define TIME_WITH_SYS_TIME 1
| #define HAVE_DECL___CYGWIN__ 0
| /* end confdefs.h.  */
| #include <stdio.h>
| #ifdef HAVE_SYS_TYPES_H
| # include <sys/types.h>
| #endif
| #ifdef HAVE_SYS_STAT_H
| # include <sys/stat.h>
| #endif
| #ifdef STDC_HEADERS
| # include <stdlib.h>
| # include <stddef.h>
| #else
| # ifdef HAVE_STDLIB_H
| #  include <stdlib.h>
| # endif
| #endif
| #ifdef HAVE_STRING_H
| # if !defined STDC_HEADERS && defined HAVE_MEMORY_H
| #  include <memory.h>
| # endif
| # include <string.h>
| #endif
| #ifdef HAVE_STRINGS_H
| # include <strings.h>
| #endif
| #ifdef HAVE_INTTYPES_H
| # include <inttypes.h>
| #endif
| #ifdef HAVE_STDINT_H
| # include <stdint.h>
| #endif
| #ifdef HAVE_UNISTD_H
| # include <unistd.h>
| #endif
| #include <vfork.h>
configure:15956: result: no
configure:15956: checking vfork.h presence
configure:15956: gcc -E  conftest.c
conftest.c:41:19: fatal error: vfork.h: No such file or directory
compilation terminated.
configure:15956: $? = 1
configure: failed program was:
| /* confdefs.h */
| #define PACKAGE_NAME "libmodbus"
| #define PACKAGE_TARNAME "libmodbus"
| #define PACKAGE_VERSION "3.0.5"
| #define PACKAGE_STRING "libmodbus 3.0.5"
| #define PACKAGE_BUGREPORT "https://github.com/stephane/libmodbus/issues"
| #define PACKAGE_URL ""
| #define PACKAGE "libmodbus"
| #define VERSION "3.0.5"
| #define STDC_HEADERS 1
| #define HAVE_SYS_TYPES_H 1
| #define HAVE_SYS_STAT_H 1
| #define HAVE_STDLIB_H 1
| #define HAVE_STRING_H 1
| #define HAVE_MEMORY_H 1
| #define HAVE_STRINGS_H 1
| #define HAVE_INTTYPES_H 1
| #define HAVE_STDINT_H 1
| #define HAVE_UNISTD_H 1
| #define HAVE_DLFCN_H 1
| #define LT_OBJDIR ".libs/"
| #define HAVE_TERMIOS_H 1
| #define HAVE_SYS_TIME_H 1
| #define HAVE_TIME_H 1
| #define HAVE_UNISTD_H 1
| #define HAVE_ERRNO_H 1
| #define HAVE_LIMITS_H 1
| #define HAVE_FCNTL_H 1
| #define HAVE_SYS_TYPES_H 1
| #define HAVE_SYS_SOCKET_H 1
| #define HAVE_SYS_IOCTL_H 1
| #define HAVE_NETINET_IN_H 1
| #define HAVE_NETINET_TCP_H 1
| #define HAVE_ARPA_INET_H 1
| #define HAVE_NETDB_H 1
| #define HAVE_LINUX_SERIAL_H 1
| #define STDC_HEADERS 1
| #define TIME_WITH_SYS_TIME 1
| #define HAVE_DECL___CYGWIN__ 0
| /* end confdefs.h.  */
| #include <vfork.h>
configure:15956: result: no
configure:15956: checking for vfork.h
configure:15956: result: no
configure:15969: checking for fork
configure:15969: gcc -o conftest -g -O2   conftest.c  >&5
conftest.c:64:6: warning: conflicting types for built-in function 'fork' [enabled by default]
configure:15969: $? = 0
configure:15969: result: yes
configure:15969: checking for vfork
configure:15969: gcc -o conftest -g -O2   conftest.c  >&5
configure:15969: $? = 0
configure:15969: result: yes
configure:15979: checking for working fork
configure:16001: gcc -o conftest -g -O2   conftest.c  >&5
configure:16001: $? = 0
configure:16001: ./conftest
configure:16001: $? = 0
configure:16011: result: yes
configure:16032: checking for working vfork
configure:16142: result: yes
configure:16170: checking for gettimeofday
configure:16170: gcc -o conftest -g -O2   conftest.c  >&5
configure:16170: $? = 0
configure:16170: result: yes
configure:16170: checking for inet_ntoa
configure:16170: gcc -o conftest -g -O2   conftest.c  >&5
configure:16170: $? = 0
configure:16170: result: yes
configure:16170: checking for memset
configure:16170: gcc -o conftest -g -O2   conftest.c  >&5
conftest.c:70:6: warning: conflicting types for built-in function 'memset' [enabled by default]
configure:16170: $? = 0
configure:16170: result: yes
configure:16170: checking for select
configure:16170: gcc -o conftest -g -O2   conftest.c  >&5
configure:16170: $? = 0
configure:16170: result: yes
configure:16170: checking for socket
configure:16170: gcc -o conftest -g -O2   conftest.c  >&5
configure:16170: $? = 0
configure:16170: result: yes
configure:16170: checking for strerror
configure:16170: gcc -o conftest -g -O2   conftest.c  >&5
configure:16170: $? = 0
configure:16170: result: yes
configure:16170: checking for strlcpy
configure:16170: gcc -o conftest -g -O2   conftest.c  >&5
/tmp/ccvnGHuD.o: In function `main':
/home/marcel/Desktop/MiniPass/libmodbus-3.0.5/conftest.c:85: undefined reference to `strlcpy'
collect2: error: ld returned 1 exit status
configure:16170: $? = 1
configure: failed program was:
| /* confdefs.h */
| #define PACKAGE_NAME "libmodbus"
| #define PACKAGE_TARNAME "libmodbus"
| #define PACKAGE_VERSION "3.0.5"
| #define PACKAGE_STRING "libmodbus 3.0.5"
| #define PACKAGE_BUGREPORT "https://github.com/stephane/libmodbus/issues"
| #define PACKAGE_URL ""
| #define PACKAGE "libmodbus"
| #define VERSION "3.0.5"
| #define STDC_HEADERS 1
| #define HAVE_SYS_TYPES_H 1
| #define HAVE_SYS_STAT_H 1
| #define HAVE_STDLIB_H 1
| #define HAVE_STRING_H 1
| #define HAVE_MEMORY_H 1
| #define HAVE_STRINGS_H 1
| #define HAVE_INTTYPES_H 1
| #define HAVE_STDINT_H 1
| #define HAVE_UNISTD_H 1
| #define HAVE_DLFCN_H 1
| #define LT_OBJDIR ".libs/"
| #define HAVE_TERMIOS_H 1
| #define HAVE_SYS_TIME_H 1
| #define HAVE_TIME_H 1
| #define HAVE_UNISTD_H 1
| #define HAVE_ERRNO_H 1
| #define HAVE_LIMITS_H 1
| #define HAVE_FCNTL_H 1
| #define HAVE_SYS_TYPES_H 1
| #define HAVE_SYS_SOCKET_H 1
| #define HAVE_SYS_IOCTL_H 1
| #define HAVE_NETINET_IN_H 1
| #define HAVE_NETINET_TCP_H 1
| #define HAVE_ARPA_INET_H 1
| #define HAVE_NETDB_H 1
| #define HAVE_LINUX_SERIAL_H 1
| #define STDC_HEADERS 1
| #define TIME_WITH_SYS_TIME 1
| #define HAVE_DECL___CYGWIN__ 0
| #define HAVE_FORK 1
| #define HAVE_VFORK 1
| #define HAVE_WORKING_VFORK 1
| #define HAVE_WORKING_FORK 1
| #define HAVE_GETTIMEOFDAY 1
| #define HAVE_INET_NTOA 1
| #define HAVE_MEMSET 1
| #define HAVE_SELECT 1
| #define HAVE_SOCKET 1
| #define HAVE_STRERROR 1
| /* end confdefs.h.  */
| /* Define strlcpy to an innocuous variant, in case <limits.h> declares strlcpy.
|    For example, HP-UX 11i <limits.h> declares gettimeofday.  */
| #define strlcpy innocuous_strlcpy
| 
| /* System header to define __stub macros and hopefully few prototypes,
|     which can conflict with char strlcpy (); below.
|     Prefer <limits.h> to <assert.h> if __STDC__ is defined, since
|     <limits.h> exists even on freestanding compilers.  */
| 
| #ifdef __STDC__
| # include <limits.h>
| #else
| # include <assert.h>
| #endif
| 
| #undef strlcpy
| 
| /* Override any GCC internal prototype to avoid an error.
|    Use char because int might match the return type of a GCC
|    builtin and then its argument prototype would still apply.  */
| #ifdef __cplusplus
| extern "C"
| #endif
| char strlcpy ();
| /* The GNU C library defines this for functions which it implements
|     to always fail with ENOSYS.  Some functions are actually named
|     something starting with __ and the normal name is an alias.  */
| #if defined __stub_strlcpy || defined __stub___strlcpy
| choke me
| #endif
| 
| int
| main ()
| {
| return strlcpy ();
|   ;
|   return 0;
| }
configure:16170: result: no
configure:16170: checking for getaddrinfo
configure:16170: gcc -o conftest -g -O2   conftest.c  >&5
configure:16170: $? = 0
configure:16170: result: yes
configure:16198: checking winsock2.h usability
configure:16198: gcc -c -g -O2 -Wall -Werror  conftest.c >&5
conftest.c:85:22: fatal error: winsock2.h: No such file or directory
compilation terminated.
configure:16198: $? = 1
configure: failed program was:
| /* confdefs.h */
| #define PACKAGE_NAME "libmodbus"
| #define PACKAGE_TARNAME "libmodbus"
| #define PACKAGE_VERSION "3.0.5"
| #define PACKAGE_STRING "libmodbus 3.0.5"
| #define PACKAGE_BUGREPORT "https://github.com/stephane/libmodbus/issues"
| #define PACKAGE_URL ""
| #define PACKAGE "libmodbus"
| #define VERSION "3.0.5"
| #define STDC_HEADERS 1
| #define HAVE_SYS_TYPES_H 1
| #define HAVE_SYS_STAT_H 1
| #define HAVE_STDLIB_H 1
| #define HAVE_STRING_H 1
| #define HAVE_MEMORY_H 1
| #define HAVE_STRINGS_H 1
| #define HAVE_INTTYPES_H 1
| #define HAVE_STDINT_H 1
| #define HAVE_UNISTD_H 1
| #define HAVE_DLFCN_H 1
| #define LT_OBJDIR ".libs/"
| #define HAVE_TERMIOS_H 1
| #define HAVE_SYS_TIME_H 1
| #define HAVE_TIME_H 1
| #define HAVE_UNISTD_H 1
| #define HAVE_ERRNO_H 1
| #define HAVE_LIMITS_H 1
| #define HAVE_FCNTL_H 1
| #define HAVE_SYS_TYPES_H 1
| #define HAVE_SYS_SOCKET_H 1
| #define HAVE_SYS_IOCTL_H 1
| #define HAVE_NETINET_IN_H 1
| #define HAVE_NETINET_TCP_H 1
| #define HAVE_ARPA_INET_H 1
| #define HAVE_NETDB_H 1
| #define HAVE_LINUX_SERIAL_H 1
| #define STDC_HEADERS 1
| #define TIME_WITH_SYS_TIME 1
| #define HAVE_DECL___CYGWIN__ 0
| #define HAVE_FORK 1
| #define HAVE_VFORK 1
| #define HAVE_WORKING_VFORK 1
| #define HAVE_WORKING_FORK 1
| #define HAVE_GETTIMEOFDAY 1
| #define HAVE_INET_NTOA 1
| #define HAVE_MEMSET 1
| #define HAVE_SELECT 1
| #define HAVE_SOCKET 1
| #define HAVE_STRERROR 1
| #define HAVE_GETADDRINFO 1
| /* end confdefs.h.  */
| #include <stdio.h>
| #ifdef HAVE_SYS_TYPES_H
| # include <sys/types.h>
| #endif
| #ifdef HAVE_SYS_STAT_H
| # include <sys/stat.h>
| #endif
| #ifdef STDC_HEADERS
| # include <stdlib.h>
| # include <stddef.h>
| #else
| # ifdef HAVE_STDLIB_H
| #  include <stdlib.h>
| # endif
| #endif
| #ifdef HAVE_STRING_H
| # if !defined STDC_HEADERS && defined HAVE_MEMORY_H
| #  include <memory.h>
| # endif
| # include <string.h>
| #endif
| #ifdef HAVE_STRINGS_H
| # include <strings.h>
| #endif
| #ifdef HAVE_INTTYPES_H
| # include <inttypes.h>
| #endif
| #ifdef HAVE_STDINT_H
| # include <stdint.h>
| #endif
| #ifdef HAVE_UNISTD_H
| # include <unistd.h>
| #endif
| #include <winsock2.h>
configure:16198: result: no
configure:16198: checking winsock2.h presence
configure:16198: gcc -E  conftest.c
conftest.c:52:22: fatal error: winsock2.h: No such file or directory
compilation terminated.
configure:16198: $? = 1
configure: failed program was:
| /* confdefs.h */
| #define PACKAGE_NAME "libmodbus"
| #define PACKAGE_TARNAME "libmodbus"
| #define PACKAGE_VERSION "3.0.5"
| #define PACKAGE_STRING "libmodbus 3.0.5"
| #define PACKAGE_BUGREPORT "https://github.com/stephane/libmodbus/issues"
| #define PACKAGE_URL ""
| #define PACKAGE "libmodbus"
| #define VERSION "3.0.5"
| #define STDC_HEADERS 1
| #define HAVE_SYS_TYPES_H 1
| #define HAVE_SYS_STAT_H 1
| #define HAVE_STDLIB_H 1
| #define HAVE_STRING_H 1
| #define HAVE_MEMORY_H 1
| #define HAVE_STRINGS_H 1
| #define HAVE_INTTYPES_H 1
| #define HAVE_STDINT_H 1
| #define HAVE_UNISTD_H 1
| #define HAVE_DLFCN_H 1
| #define LT_OBJDIR ".libs/"
| #define HAVE_TERMIOS_H 1
| #define HAVE_SYS_TIME_H 1
| #define HAVE_TIME_H 1
| #define HAVE_UNISTD_H 1
| #define HAVE_ERRNO_H 1
| #define HAVE_LIMITS_H 1
| #define HAVE_FCNTL_H 1
| #define HAVE_SYS_TYPES_H 1
| #define HAVE_SYS_SOCKET_H 1
| #define HAVE_SYS_IOCTL_H 1
| #define HAVE_NETINET_IN_H 1
| #define HAVE_NETINET_TCP_H 1
| #define HAVE_ARPA_INET_H 1
| #define HAVE_NETDB_H 1
| #define HAVE_LINUX_SERIAL_H 1
| #define STDC_HEADERS 1
| #define TIME_WITH_SYS_TIME 1
| #define HAVE_DECL___CYGWIN__ 0
| #define HAVE_FORK 1
| #define HAVE_VFORK 1
| #define HAVE_WORKING_VFORK 1
| #define HAVE_WORKING_FORK 1
| #define HAVE_GETTIMEOFDAY 1
| #define HAVE_INET_NTOA 1
| #define HAVE_MEMSET 1
| #define HAVE_SELECT 1
| #define HAVE_SOCKET 1
| #define HAVE_STRERROR 1
| #define HAVE_GETADDRINFO 1
| /* end confdefs.h.  */
| #include <winsock2.h>
configure:16198: result: no
configure:16198: checking for winsock2.h
configure:16198: result: no
configure:16214: checking whether TIOCSRS485 is declared
configure:16214: gcc -c -g -O2 -Wall -Werror  conftest.c >&5
configure:16214: $? = 0
configure:16214: result: yes
configure:16379: creating ./config.status

## ---------------------- ##
## Running config.status. ##
## ---------------------- ##

This file was extended by libmodbus config.status 3.0.5, which was
generated by GNU Autoconf 2.68.  Invocation command line was

  CONFIG_FILES    = 
  CONFIG_HEADERS  = 
  CONFIG_LINKS    = 
  CONFIG_COMMANDS = 
  $ ./config.status 

on marcel-desktop

config.status:1209: creating Makefile
config.status:1209: creating src/Makefile
config.status:1209: creating src/modbus-version.h
config.status:1209: creating doc/Makefile
config.status:1209: creating tests/Makefile
config.status:1209: creating libmodbus.pc
config.status:1209: creating libmodbus.spec
config.status:1209: creating config.h
config.status:1209: creating tests/unit-test.h
config.status:1390: tests/unit-test.h is unchanged
config.status:1438: executing depfiles commands
config.status:1438: executing libtool commands

## ---------------- ##
## Cache variables. ##
## ---------------- ##

ac_cv_build=i686-pc-linux-gnu
ac_cv_c_compiler_gnu=yes
ac_cv_c_const=yes
ac_cv_cxx_compiler_gnu=yes
ac_cv_env_CCC_set=
ac_cv_env_CCC_value=
ac_cv_env_CC_set=
ac_cv_env_CC_value=
ac_cv_env_CFLAGS_set=
ac_cv_env_CFLAGS_value=
ac_cv_env_CPPFLAGS_set=
ac_cv_env_CPPFLAGS_value=
ac_cv_env_CPP_set=
ac_cv_env_CPP_value=
ac_cv_env_CXXCPP_set=
ac_cv_env_CXXCPP_value=
ac_cv_env_CXXFLAGS_set=
ac_cv_env_CXXFLAGS_value=
ac_cv_env_CXX_set=
ac_cv_env_CXX_value=
ac_cv_env_LDFLAGS_set=
ac_cv_env_LDFLAGS_value=
ac_cv_env_LIBS_set=
ac_cv_env_LIBS_value=
ac_cv_env_build_alias_set=
ac_cv_env_build_alias_value=
ac_cv_env_host_alias_set=
ac_cv_env_host_alias_value=
ac_cv_env_target_alias_set=
ac_cv_env_target_alias_value=
ac_cv_func_fork=yes
ac_cv_func_fork_works=yes
ac_cv_func_getaddrinfo=yes
ac_cv_func_gettimeofday=yes
ac_cv_func_inet_ntoa=yes
ac_cv_func_memset=yes
ac_cv_func_select=yes
ac_cv_func_socket=yes
ac_cv_func_strerror=yes
ac_cv_func_strlcpy=no
ac_cv_func_vfork=yes
ac_cv_func_vfork_works=yes
ac_cv_have_decl_TIOCSRS485=yes
ac_cv_have_decl___CYGWIN__=no
ac_cv_header_arpa_inet_h=yes
ac_cv_header_dlfcn_h=yes
ac_cv_header_errno_h=yes
ac_cv_header_fcntl_h=yes
ac_cv_header_inttypes_h=yes
ac_cv_header_limits_h=yes
ac_cv_header_linux_serial_h=yes
ac_cv_header_memory_h=yes
ac_cv_header_netdb_h=yes
ac_cv_header_netinet_in_h=yes
ac_cv_header_netinet_tcp_h=yes
ac_cv_header_stdc=yes
ac_cv_header_stdint_h=yes
ac_cv_header_stdlib_h=yes
ac_cv_header_string_h=yes
ac_cv_header_strings_h=yes
ac_cv_header_sys_ioctl_h=yes
ac_cv_header_sys_socket_h=yes
ac_cv_header_sys_stat_h=yes
ac_cv_header_sys_time_h=yes
ac_cv_header_sys_types_h=yes
ac_cv_header_termios_h=yes
ac_cv_header_time=yes
ac_cv_header_time_h=yes
ac_cv_header_unistd_h=yes
ac_cv_header_vfork_h=no
ac_cv_header_winsock2_h=no
ac_cv_host=i686-pc-linux-gnu
ac_cv_objext=o
ac_cv_path_EGREP='/bin/grep -E'
ac_cv_path_FGREP='/bin/grep -F'
ac_cv_path_GREP=/bin/grep
ac_cv_path_SED=/bin/sed
ac_cv_path_install='/usr/bin/install -c'
ac_cv_path_mkdir=/bin/mkdir
ac_cv_prog_AWK=mawk
ac_cv_prog_CPP='gcc -E'
ac_cv_prog_CXXCPP='g++ -E'
ac_cv_prog_ac_ct_AR=ar
ac_cv_prog_ac_ct_CC=gcc
ac_cv_prog_ac_ct_CXX=g++
ac_cv_prog_ac_ct_MANIFEST_TOOL=mt
ac_cv_prog_ac_ct_OBJDUMP=objdump
ac_cv_prog_ac_ct_RANLIB=ranlib
ac_cv_prog_ac_ct_STRIP=strip
ac_cv_prog_ac_libmodbus_have_asciidoc=no
ac_cv_prog_ac_libmodbus_have_xmlto=no
ac_cv_prog_cc_c89=
ac_cv_prog_cc_g=yes
ac_cv_prog_cxx_g=yes
ac_cv_prog_make_make_set=yes
ac_cv_type_pid_t=yes
ac_cv_type_size_t=yes
am_cv_CC_dependencies_compiler_type=gcc3
am_cv_CXX_dependencies_compiler_type=gcc3
am_cv_make_support_nested_variables=yes
lt_cv_ar_at_file=@
lt_cv_archive_cmds_need_lc=no
lt_cv_deplibs_check_method=pass_all
lt_cv_file_magic_cmd='$MAGIC_CMD'
lt_cv_file_magic_test_file=
lt_cv_ld_reload_flag=-r
lt_cv_nm_interface='BSD nm'
lt_cv_objdir=.libs
lt_cv_path_LD=/usr/bin/ld
lt_cv_path_LDCXX=/usr/bin/ld
lt_cv_path_NM='/usr/bin/nm -B'
lt_cv_path_mainfest_tool=no
lt_cv_prog_compiler_c_o=yes
lt_cv_prog_compiler_c_o_CXX=yes
lt_cv_prog_compiler_pic='-fPIC -DPIC'
lt_cv_prog_compiler_pic_CXX='-fPIC -DPIC'
lt_cv_prog_compiler_pic_works=yes
lt_cv_prog_compiler_pic_works_CXX=yes
lt_cv_prog_compiler_rtti_exceptions=no
lt_cv_prog_compiler_static_works=yes
lt_cv_prog_compiler_static_works_CXX=yes
lt_cv_prog_gnu_ld=yes
lt_cv_prog_gnu_ldcxx=yes
lt_cv_sharedlib_from_linklib_cmd='printf %s\n'
lt_cv_shlibpath_overrides_runpath=no
lt_cv_sys_global_symbol_pipe='sed -n -e '\''s/^.*[	 ]\([ABCDGIRSTW][ABCDGIRSTW]*\)[	 ][	 ]*\([_A-Za-z][_A-Za-z0-9]*\)$/\1 \2 \2/p'\'' | sed '\''/ __gnu_lto/d'\'''
lt_cv_sys_global_symbol_to_c_name_address='sed -n -e '\''s/^: \([^ ]*\)[ ]*$/  {\"\1\", (void *) 0},/p'\'' -e '\''s/^[ABCDGIRSTW]* \([^ ]*\) \([^ ]*\)$/  {"\2", (void *) \&\2},/p'\'''
lt_cv_sys_global_symbol_to_c_name_address_lib_prefix='sed -n -e '\''s/^: \([^ ]*\)[ ]*$/  {\"\1\", (void *) 0},/p'\'' -e '\''s/^[ABCDGIRSTW]* \([^ ]*\) \(lib[^ ]*\)$/  {"\2", (void *) \&\2},/p'\'' -e '\''s/^[ABCDGIRSTW]* \([^ ]*\) \([^ ]*\)$/  {"lib\2", (void *) \&\2},/p'\'''
lt_cv_sys_global_symbol_to_cdecl='sed -n -e '\''s/^T .* \(.*\)$/extern int \1();/p'\'' -e '\''s/^[ABCDGIRSTW]* .* \(.*\)$/extern char \1;/p'\'''
lt_cv_sys_max_cmd_len=1572864
lt_cv_to_host_file_cmd=func_convert_file_noop
lt_cv_to_tool_file_cmd=func_convert_file_noop

## ----------------- ##
## Output variables. ##
## ----------------- ##

ACLOCAL='${SHELL} /home/marcel/Desktop/MiniPass/libmodbus-3.0.5/missing --run aclocal-1.11'
AMDEPBACKSLASH='\'
AMDEP_FALSE='#'
AMDEP_TRUE=''
AMTAR='$${TAR-tar}'
AM_BACKSLASH='\'
AM_DEFAULT_V='$(AM_DEFAULT_VERBOSITY)'
AM_DEFAULT_VERBOSITY='0'
AM_V='$(V)'
AR='ar'
AS='as'
AUTOCONF='${SHELL} /home/marcel/Desktop/MiniPass/libmodbus-3.0.5/missing --run autoconf'
AUTOHEADER='${SHELL} /home/marcel/Desktop/MiniPass/libmodbus-3.0.5/missing --run autoheader'
AUTOMAKE='${SHELL} /home/marcel/Desktop/MiniPass/libmodbus-3.0.5/missing --run automake-1.11'
AWK='mawk'
BUILD_DOC_FALSE=''
BUILD_DOC_TRUE='#'
CC='gcc'
CCDEPMODE='depmode=gcc3'
CFLAGS='-g -O2 -Wall -Werror'
CPP='gcc -E'
CPPFLAGS=''
CXX='g++'
CXXCPP='g++ -E'
CXXDEPMODE='depmode=gcc3'
CXXFLAGS='-g -O2'
CYGPATH_W='echo'
DEFS='-DHAVE_CONFIG_H'
DEPDIR='.deps'
DLLTOOL='false'
DSYMUTIL=''
DUMPBIN=''
ECHO_C=''
ECHO_N='-n'
ECHO_T=''
EGREP='/bin/grep -E'
EXEEXT=''
FGREP='/bin/grep -F'
GREP='/bin/grep'
INSTALL_DATA='${INSTALL} -m 644'
INSTALL_MAN_FALSE='#'
INSTALL_MAN_TRUE=''
INSTALL_PROGRAM='${INSTALL}'
INSTALL_SCRIPT='${INSTALL}'
INSTALL_STRIP_PROGRAM='$(install_sh) -c -s'
LD='/usr/bin/ld'
LDFLAGS=''
LIBMODBUS_LT_VERSION_INFO='5:4:0'
LIBMODBUS_VERSION='3.0.5'
LIBMODBUS_VERSION_MAJOR='3'
LIBMODBUS_VERSION_MICRO='5'
LIBMODBUS_VERSION_MINOR='0'
LIBOBJS=''
LIBS=''
LIBTOOL='$(SHELL) $(top_builddir)/libtool'
LIPO=''
LN_S='ln -s'
LTLIBOBJS=''
MAKEINFO='${SHELL} /home/marcel/Desktop/MiniPass/libmodbus-3.0.5/missing --run makeinfo'
MANIFEST_TOOL=':'
MKDIR_P='/bin/mkdir -p'
NM='/usr/bin/nm -B'
NMEDIT=''
OBJDUMP='objdump'
OBJEXT='o'
OS_QNX_FALSE=''
OS_QNX_TRUE='#'
OS_WIN32_FALSE=''
OS_WIN32_TRUE='#'
OTOOL64=''
OTOOL=''
PACKAGE='libmodbus'
PACKAGE_BUGREPORT='https://github.com/stephane/libmodbus/issues'
PACKAGE_NAME='libmodbus'
PACKAGE_STRING='libmodbus 3.0.5'
PACKAGE_TARNAME='libmodbus'
PACKAGE_URL=''
PACKAGE_VERSION='3.0.5'
PATH_SEPARATOR=':'
RANLIB='ranlib'
SED='/bin/sed'
SET_MAKE=''
SHELL='/bin/bash'
STRIP='strip'
VERSION='3.0.5'
ac_ct_AR='ar'
ac_ct_CC='gcc'
ac_ct_CXX='g++'
ac_ct_DUMPBIN=''
ac_libmodbus_have_asciidoc='no'
ac_libmodbus_have_xmlto='no'
am__EXEEXT_FALSE=''
am__EXEEXT_TRUE='#'
am__fastdepCC_FALSE='#'
am__fastdepCC_TRUE=''
am__fastdepCXX_FALSE='#'
am__fastdepCXX_TRUE=''
am__include='include'
am__isrc=''
am__leading_dot='.'
am__nodep='_no'
am__quote=''
am__tar='$${TAR-tar} chof - "$$tardir"'
am__untar='$${TAR-tar} xf -'
bindir='${exec_prefix}/bin'
build='i686-pc-linux-gnu'
build_alias=''
build_cpu='i686'
build_os='linux-gnu'
build_vendor='pc'
datadir='${datarootdir}'
datarootdir='${prefix}/share'
docdir='${datarootdir}/doc/${PACKAGE_TARNAME}'
dvidir='${docdir}'
exec_prefix='${prefix}'
host='i686-pc-linux-gnu'
host_alias=''
host_cpu='i686'
host_os='linux-gnu'
host_vendor='pc'
htmldir='${docdir}'
includedir='${prefix}/include'
infodir='${datarootdir}/info'
install_sh='${SHELL} /home/marcel/Desktop/MiniPass/libmodbus-3.0.5/install-sh'
libdir='${exec_prefix}/lib'
libexecdir='${exec_prefix}/libexec'
localedir='${datarootdir}/locale'
localstatedir='${prefix}/var'
mandir='${datarootdir}/man'
mkdir_p='/bin/mkdir -p'
oldincludedir='/usr/include'
pdfdir='${docdir}'
prefix='/usr/local'
program_transform_name='s,x,x,'
psdir='${docdir}'
sbindir='${exec_prefix}/sbin'
sharedstatedir='${prefix}/com'
sysconfdir='${prefix}/etc'
target_alias=''

## ----------- ##
## confdefs.h. ##
## ----------- ##

/* confdefs.h */
#define PACKAGE_NAME "libmodbus"
#define PACKAGE_TARNAME "libmodbus"
#define PACKAGE_VERSION "3.0.5"
#define PACKAGE_STRING "libmodbus 3.0.5"
#define PACKAGE_BUGREPORT "https://github.com/stephane/libmodbus/issues"
#define PACKAGE_URL ""
#define PACKAGE "libmodbus"
#define VERSION "3.0.5"
#define STDC_HEADERS 1
#define HAVE_SYS_TYPES_H 1
#define HAVE_SYS_STAT_H 1
#define HAVE_STDLIB_H 1
#define HAVE_STRING_H 1
#define HAVE_MEMORY_H 1
#define HAVE_STRINGS_H 1
#define HAVE_INTTYPES_H 1
#define HAVE_STDINT_H 1
#define HAVE_UNISTD_H 1
#define HAVE_DLFCN_H 1
#define LT_OBJDIR ".libs/"
#define HAVE_TERMIOS_H 1
#define HAVE_SYS_TIME_H 1
#define HAVE_TIME_H 1
#define HAVE_UNISTD_H 1
#define HAVE_ERRNO_H 1
#define HAVE_LIMITS_H 1
#define HAVE_FCNTL_H 1
#define HAVE_SYS_TYPES_H 1
#define HAVE_SYS_SOCKET_H 1
#define HAVE_SYS_IOCTL_H 1
#define HAVE_NETINET_IN_H 1
#define HAVE_NETINET_TCP_H 1
#define HAVE_ARPA_INET_H 1
#define HAVE_NETDB_H 1
#define HAVE_LINUX_SERIAL_H 1
#define STDC_HEADERS 1
#define TIME_WITH_SYS_TIME 1
#define HAVE_DECL___CYGWIN__ 0
#define HAVE_FORK 1
#define HAVE_VFORK 1
#define HAVE_WORKING_VFORK 1
#define HAVE_WORKING_FORK 1
#define HAVE_GETTIMEOFDAY 1
#define HAVE_INET_NTOA 1
#define HAVE_MEMSET 1
#define HAVE_SELECT 1
#define HAVE_SOCKET 1
#define HAVE_STRERROR 1
#define HAVE_GETADDRINFO 1
#define HAVE_DECL_TIOCSRS485 1

configure: exit 0
